Using pre-set license
Built from '2020.3/staging' branch; Version is '2020.3.41f1 (7c19dc9acfda) revision 8133084'; Using compiler version '192528614'; Build Type 'Release'
OS: 'Windows 11  (10.0.22621) 64bit CoreSingleLanguage' Language: 'pt' Physical Memory: 8025 MB
BatchMode: 1, IsHumanControllingUs: 0, StartBugReporterOnCrash: 0, Is64bit: 1, IsPro: 0

COMMAND LINE ARGUMENTS:
C:\Program Files\Unity\Hub\Editor\2020.3.41f1\Editor\Unity.exe
-adb2
-batchMode
-noUpm
-name
AssetImportWorker0
-projectPath
C:/Users/blend/TesteGame
-logFile
Logs/AssetImportWorker0.log
-srvPort
56002
Successfully changed project path to: C:/Users/blend/TesteGame
C:/Users/blend/TesteGame
Using Asset Import Pipeline V2.
Refreshing native plugins compatible for Editor in 145.69 ms, found 3 plugins.
Preloading 0 native plugins for Editor in 0.00 ms.
Initialize engine version: 2020.3.41f1 (7c19dc9acfda)
[Subsystems] Discovering subsystems at path C:/Program Files/Unity/Hub/Editor/2020.3.41f1/Editor/Data/Resources/UnitySubsystems
[Subsystems] Discovering subsystems at path C:/Users/blend/TesteGame/Assets
GfxDevice: creating device client; threaded=0
Direct3D:
    Version:  Direct3D 11.0 [level 11.1]
    Renderer: Intel(R) UHD Graphics (ID=0x9b41)
    Vendor:   
    VRAM:     4012 MB
    Driver:   30.0.100.9864
Initialize mono
Mono path[0] = 'C:/Program Files/Unity/Hub/Editor/2020.3.41f1/Editor/Data/Managed'
Mono path[1] = 'C:/Program Files/Unity/Hub/Editor/2020.3.41f1/Editor/Data/MonoBleedingEdge/lib/mono/unityjit'
Mono config path = 'C:/Program Files/Unity/Hub/Editor/2020.3.41f1/Editor/Data/MonoBleedingEdge/etc'
Using monoOptions --debugger-agent=transport=dt_socket,embedding=1,server=y,suspend=n,address=127.0.0.1:56396
Begin MonoManager ReloadAssembly
Registering precompiled unity dll's ...
Register platform support module: C:/Program Files/Unity/Hub/Editor/2020.3.41f1/Editor/Data/PlaybackEngines/WindowsStandaloneSupport/UnityEditor.WindowsStandalone.Extensions.dll
Registered in 0.002474 seconds.
Native extension for WindowsStandalone target not found
Refreshing native plugins compatible for Editor in 135.71 ms, found 3 plugins.
Preloading 0 native plugins for Editor in 0.00 ms.
Mono: successfully reloaded assembly
- Completed reload, in  1.670 seconds
Domain Reload Profiling:
	ReloadAssembly (1671ms)
		BeginReloadAssembly (173ms)
			ExecutionOrderSort (0ms)
			DisableScriptedObjects (0ms)
			BackupInstance (0ms)
			ReleaseScriptingObjects (0ms)
			CreateAndSetChildDomain (2ms)
		EndReloadAssembly (1301ms)
			LoadAssemblies (165ms)
			RebuildTransferFunctionScriptingTraits (0ms)
			SetupTypeCache (365ms)
			ReleaseScriptCaches (0ms)
			RebuildScriptCaches (91ms)
			SetupLoadedEditorAssemblies (613ms)
				LogAssemblyErrors (0ms)
				InitializePlatformSupportModulesInManaged (11ms)
				SetLoadedEditorAssemblies (1ms)
				RefreshPlugins (136ms)
				BeforeProcessingInitializeOnLoad (30ms)
				ProcessInitializeOnLoadAttributes (280ms)
				ProcessInitializeOnLoadMethodAttributes (154ms)
				AfterProcessingInitializeOnLoad (0ms)
				EditorAssembliesLoaded (1ms)
			ExecutionOrderSort2 (0ms)
			AwakeInstancesAfterBackupRestoration (0ms)
Platform modules already initialized, skipping
Registering precompiled user dll's ...
Registered in 0.010547 seconds.
Begin MonoManager ReloadAssembly
Native extension for WindowsStandalone target not found
Refreshing native plugins compatible for Editor in 135.74 ms, found 3 plugins.
Preloading 0 native plugins for Editor in 0.00 ms.
Mono: successfully reloaded assembly
- Completed reload, in  2.519 seconds
Domain Reload Profiling:
	ReloadAssembly (2521ms)
		BeginReloadAssembly (414ms)
			ExecutionOrderSort (0ms)
			DisableScriptedObjects (20ms)
			BackupInstance (0ms)
			ReleaseScriptingObjects (0ms)
			CreateAndSetChildDomain (47ms)
		EndReloadAssembly (1949ms)
			LoadAssemblies (263ms)
			RebuildTransferFunctionScriptingTraits (0ms)
			SetupTypeCache (588ms)
			ReleaseScriptCaches (1ms)
			RebuildScriptCaches (140ms)
			SetupLoadedEditorAssemblies (755ms)
				LogAssemblyErrors (0ms)
				InitializePlatformSupportModulesInManaged (9ms)
				SetLoadedEditorAssemblies (0ms)
				RefreshPlugins (136ms)
				BeforeProcessingInitializeOnLoad (148ms)
				ProcessInitializeOnLoadAttributes (411ms)
				ProcessInitializeOnLoadMethodAttributes (43ms)
				AfterProcessingInitializeOnLoad (7ms)
				EditorAssembliesLoaded (0ms)
			ExecutionOrderSort2 (0ms)
			AwakeInstancesAfterBackupRestoration (3ms)
Platform modules already initialized, skipping
========================================================================
Worker process is ready to serve import requests
Launched and connected shader compiler UnityShaderCompiler.exe after 0.10 seconds
Refreshing native plugins compatible for Editor in 1.18 ms, found 3 plugins.
Preloading 0 native plugins for Editor in 0.00 ms.
Unloading 2385 Unused Serialized files (Serialized files now loaded: 0)
System memory in use before: 102.9 MB.
System memory in use after: 102.9 MB.

Unloading 32 unused Assets to reduce memory usage. Loaded Objects now: 2818.
Total: 9.307500 ms (FindLiveObjects: 0.470500 ms CreateObjectMapping: 0.298300 ms MarkObjects: 8.291000 ms  DeleteObjects: 0.245500 ms)

AssetImportParameters requested are different than current active one (requested -> active):
  custom:framework-win-MediaFoundation: 216162199b28c13a410421893ffa2e32 -> 
  custom:video-decoder-ogg-theora: a1e56fd34408186e4bbccfd4996cb3dc -> 
  custom:container-muxer-webm: aa71ff27fc2769a1b78a27578f13a17b -> 
  custom:container-demuxer-webm: 4f35f7cbe854078d1ac9338744f61a02 -> 
  custom:container-demuxer-ogg: 62fdf1f143b41e24485cea50d1cbac27 -> 
  custom:video-encoder-webm-vp8: eb34c28f22e8b96e1ab97ce403110664 -> 
  custom:video-codec-MediaFoundation-h265: 746d11721c4dcdbdad8f713fa42b33f4 -> 
  custom:video-decoder-webm-vp8: 9c59270c3fd7afecdb556c50c9e8de78 -> 
  custom:audio-decoder-ogg-vorbis: bf7c407c2cedff20999df2af8eb42d56 -> 
  custom:audio-encoder-webm-vorbis: bf7c407c2cedff20999df2af8eb42d56 -> 
========================================================================
Received Import Request.
  path: Assets/Assets_Aventura_no_cerradinho/caju.png
  artifactKey: Guid(d96438f15bf463249be79c6a8889d178) Importer(815301076,1909f56bfc062723c751e8b465ee728b)
Start importing Assets/Assets_Aventura_no_cerradinho/caju.png using Guid(d96438f15bf463249be79c6a8889d178) Importer(815301076,1909f56bfc062723c751e8b465ee728b)  -> (artifact id: '13d2180ac8f73f3053b8e7a35e820ef4') in 0.528106 seconds 
========================================================================
Received Import Request.
  Time since last request: 270.917833 seconds.
  path: Assets/Arvores diferentes/Trees.psd
  artifactKey: Guid(70730652d7aed20448a077c64fabb744) Importer(815301076,1909f56bfc062723c751e8b465ee728b)
Start importing Assets/Arvores diferentes/Trees.psd using Guid(70730652d7aed20448a077c64fabb744) Importer(815301076,1909f56bfc062723c751e8b465ee728b)  -> (artifact id: '02929784db566114bb3294aada8463c8') in 0.072729 seconds 
========================================================================
Received Import Request.
  Time since last request: 3.851405 seconds.
  path: Assets/Assets_Aventura_no_cerradinho/17.png
  artifactKey: Guid(d885f3813c8182d478e7ffc2d7b635b1) Importer(815301076,1909f56bfc062723c751e8b465ee728b)
Start importing Assets/Assets_Aventura_no_cerradinho/17.png using Guid(d885f3813c8182d478e7ffc2d7b635b1) Importer(815301076,1909f56bfc062723c751e8b465ee728b)  -> (artifact id: 'e4ff5af513cbda71c410b6443f745421') in 0.042480 seconds 
========================================================================
Received Import Request.
  Time since last request: 0.000568 seconds.
  path: Assets/Assets_Aventura_no_cerradinho/Cajuseiro.psd
  artifactKey: Guid(ff8cf58f8af76a34cbb4289151d28bd7) Importer(815301076,1909f56bfc062723c751e8b465ee728b)
Start importing Assets/Assets_Aventura_no_cerradinho/Cajuseiro.psd using Guid(ff8cf58f8af76a34cbb4289151d28bd7) Importer(815301076,1909f56bfc062723c751e8b465ee728b)  -> (artifact id: '2346bb457d824f2559ceb9186cc6c1c9') in 0.053212 seconds 
========================================================================
Received Import Request.
  Time since last request: 0.000630 seconds.
  path: Assets/Assets_Aventura_no_cerradinho/background.psd
  artifactKey: Guid(3c9ecc9da4ccd75468e1ad954be9e6c9) Importer(815301076,1909f56bfc062723c751e8b465ee728b)
Start importing Assets/Assets_Aventura_no_cerradinho/background.psd using Guid(3c9ecc9da4ccd75468e1ad954be9e6c9) Importer(815301076,1909f56bfc062723c751e8b465ee728b)  -> (artifact id: '86c9ae771da3deeb09b5d01c18fe7d86') in 0.043939 seconds 
========================================================================
Received Import Request.
  Time since last request: 0.000623 seconds.
  path: Assets/Assets_Aventura_no_cerradinho/caju.psd
  artifactKey: Guid(274ffd9be65d8c040b6c5c227e0ee877) Importer(815301076,1909f56bfc062723c751e8b465ee728b)
Start importing Assets/Assets_Aventura_no_cerradinho/caju.psd using Guid(274ffd9be65d8c040b6c5c227e0ee877) Importer(815301076,1909f56bfc062723c751e8b465ee728b)  -> (artifact id: '44f34b02e765bdb158d42d9728a2630a') in 0.033910 seconds 
========================================================================
Received Import Request.
  Time since last request: 0.000625 seconds.
  path: Assets/Assets_Aventura_no_cerradinho/Card Caju.png
  artifactKey: Guid(4b7bdde825da0c74b93390bc769d2705) Importer(815301076,1909f56bfc062723c751e8b465ee728b)
Start importing Assets/Assets_Aventura_no_cerradinho/Card Caju.png using Guid(4b7bdde825da0c74b93390bc769d2705) Importer(815301076,1909f56bfc062723c751e8b465ee728b)  -> (artifact id: '5b4aee7c4d5dcdcf8833f6d55b040f24') in 0.071252 seconds 
========================================================================
Received Import Request.
  Time since last request: 0.000605 seconds.
  path: Assets/Assets_Aventura_no_cerradinho/ipeAmarelo.png
  artifactKey: Guid(8350f61545bf57a4e8649bba73d0cd81) Importer(815301076,1909f56bfc062723c751e8b465ee728b)
Start importing Assets/Assets_Aventura_no_cerradinho/ipeAmarelo.png using Guid(8350f61545bf57a4e8649bba73d0cd81) Importer(815301076,1909f56bfc062723c751e8b465ee728b)  -> (artifact id: '11e00aca041c77603353867e9199e1ec') in 0.050120 seconds 
========================================================================
Received Import Request.
  Time since last request: 0.000572 seconds.
  path: Assets/Assets_Aventura_no_cerradinho/Arvore2.psd
  artifactKey: Guid(f0e17af542266d14596a74f7acf84391) Importer(815301076,1909f56bfc062723c751e8b465ee728b)
Start importing Assets/Assets_Aventura_no_cerradinho/Arvore2.psd using Guid(f0e17af542266d14596a74f7acf84391) Importer(815301076,1909f56bfc062723c751e8b465ee728b)  -> (artifact id: 'f05df6b24c0f72e154e0e290185d02c8') in 0.048528 seconds 
========================================================================
Received Import Request.
  Time since last request: 0.000937 seconds.
  path: Assets/Assets_Aventura_no_cerradinho/Aventura_no_Cerradinho.prefab
  artifactKey: Guid(865d3211e2e203c49b5fba21637d3f22) Importer(815301076,1909f56bfc062723c751e8b465ee728b)
Start importing Assets/Assets_Aventura_no_cerradinho/Aventura_no_Cerradinho.prefab using Guid(865d3211e2e203c49b5fba21637d3f22) Importer(815301076,1909f56bfc062723c751e8b465ee728b)  -> (artifact id: '44a7e5903a52851d34f1667c1111b745') in 0.114141 seconds 
========================================================================
Received Import Request.
  Time since last request: 0.000542 seconds.
  path: Assets/Assets_Aventura_no_cerradinho/Sem título.png
  artifactKey: Guid(270c4d9822bbaa146aad316951e8de63) Importer(815301076,1909f56bfc062723c751e8b465ee728b)
Start importing Assets/Assets_Aventura_no_cerradinho/Sem título.png using Guid(270c4d9822bbaa146aad316951e8de63) Importer(815301076,1909f56bfc062723c751e8b465ee728b)  -> (artifact id: 'd6d145314f33c165a686c2c66bf863d5') in 0.042225 seconds 
========================================================================
Received Import Request.
  Time since last request: 0.000580 seconds.
  path: Assets/Assets_Aventura_no_cerradinho/PEDRA.png
  artifactKey: Guid(688a98210a168b446afe0c5f65789b55) Importer(815301076,1909f56bfc062723c751e8b465ee728b)
Start importing Assets/Assets_Aventura_no_cerradinho/PEDRA.png using Guid(688a98210a168b446afe0c5f65789b55) Importer(815301076,1909f56bfc062723c751e8b465ee728b)  -> (artifact id: '8baedac88e69739784a070fa18ad1323') in 0.055229 seconds 
========================================================================
Received Import Request.
  Time since last request: 0.000600 seconds.
  path: Assets/Assets_Aventura_no_cerradinho/Arvore01.psd
  artifactKey: Guid(80b18010ce457fd48a116226d597c456) Importer(815301076,1909f56bfc062723c751e8b465ee728b)
Start importing Assets/Assets_Aventura_no_cerradinho/Arvore01.psd using Guid(80b18010ce457fd48a116226d597c456) Importer(815301076,1909f56bfc062723c751e8b465ee728b)  -> (artifact id: '1258f7ea50c69d6ba7572d15c9c902a7') in 0.051044 seconds 
========================================================================
Received Import Request.
  Time since last request: 0.000569 seconds.
  path: Assets/Assets_Aventura_no_cerradinho/Main Palette.prefab
  artifactKey: Guid(2abb85ccc811c9548bb18717d38a404e) Importer(815301076,1909f56bfc062723c751e8b465ee728b)
Start importing Assets/Assets_Aventura_no_cerradinho/Main Palette.prefab using Guid(2abb85ccc811c9548bb18717d38a404e) Importer(815301076,1909f56bfc062723c751e8b465ee728b)  -> (artifact id: '91fe3452f069035e3ae8175a55fc2640') in 0.076131 seconds 
========================================================================
Received Import Request.
  Time since last request: 0.000599 seconds.
  path: Assets/Assets_Aventura_no_cerradinho/Arvore01.2.psd
  artifactKey: Guid(1a8c5b86c55d9574581bef444eedb6cb) Importer(815301076,1909f56bfc062723c751e8b465ee728b)
Start importing Assets/Assets_Aventura_no_cerradinho/Arvore01.2.psd using Guid(1a8c5b86c55d9574581bef444eedb6cb) Importer(815301076,1909f56bfc062723c751e8b465ee728b)  -> (artifact id: '80b8cd700e370d19f4f88535486c758c') in 0.056355 seconds 
========================================================================
Received Import Request.
  Time since last request: 0.000426 seconds.
  path: Assets/Assets_Aventura_no_cerradinho/18.png
  artifactKey: Guid(2e3099503f801164fa6197c33dd0cd77) Importer(815301076,1909f56bfc062723c751e8b465ee728b)
Start importing Assets/Assets_Aventura_no_cerradinho/18.png using Guid(2e3099503f801164fa6197c33dd0cd77) Importer(815301076,1909f56bfc062723c751e8b465ee728b)  -> (artifact id: 'dcd2f0a6c43b7cbac55a7746d2230328') in 0.039692 seconds 
========================================================================
Received Import Request.
  Time since last request: 0.000416 seconds.
  path: Assets/Assets_Aventura_no_cerradinho/Sem título.asset
  artifactKey: Guid(2838db4532f45514fa6223643cf8919f) Importer(815301076,1909f56bfc062723c751e8b465ee728b)
Start importing Assets/Assets_Aventura_no_cerradinho/Sem título.asset using Guid(2838db4532f45514fa6223643cf8919f) Importer(815301076,1909f56bfc062723c751e8b465ee728b)  -> (artifact id: '17015f4286d975b125ce6c8388c7e8e2') in 0.052701 seconds 
========================================================================
Received Import Request.
  Time since last request: 0.000473 seconds.
  path: Assets/Assets_Aventura_no_cerradinho/Arvore01.png
  artifactKey: Guid(f53329931766025478d779b2905673d9) Importer(815301076,1909f56bfc062723c751e8b465ee728b)
Start importing Assets/Assets_Aventura_no_cerradinho/Arvore01.png using Guid(f53329931766025478d779b2905673d9) Importer(815301076,1909f56bfc062723c751e8b465ee728b)  -> (artifact id: 'a5cc4ecbd07df09414a0c39f32d49138') in 0.050308 seconds 
========================================================================
Received Import Request.
  Time since last request: 2.517665 seconds.
  path: Assets/Assets_Aventura_no_cerradinho/png
  artifactKey: Guid(d94b74e244869734db25f88fc18beee7) Importer(815301076,1909f56bfc062723c751e8b465ee728b)
Start importing Assets/Assets_Aventura_no_cerradinho/png using Guid(d94b74e244869734db25f88fc18beee7) Importer(815301076,1909f56bfc062723c751e8b465ee728b)  -> (artifact id: '20cd6402a53d99da94e9419564736231') in 0.022909 seconds 
========================================================================
Received Import Request.
  Time since last request: 1.857807 seconds.
  path: Assets/Assets_Aventura_no_cerradinho/png/BG
  artifactKey: Guid(3b21408b9a84982448e34e68371ba6f0) Importer(815301076,1909f56bfc062723c751e8b465ee728b)
Start importing Assets/Assets_Aventura_no_cerradinho/png/BG using Guid(3b21408b9a84982448e34e68371ba6f0) Importer(815301076,1909f56bfc062723c751e8b465ee728b)  -> (artifact id: '40d44f60bce2084d0da29595c8dc9f39') in 0.021955 seconds 
========================================================================
Received Import Request.
  Time since last request: 5.600233 seconds.
  path: Assets/Assets_Aventura_no_cerradinho/png/Object
  artifactKey: Guid(c4273cc137d6bc841bf3ce8d889b7a80) Importer(815301076,1909f56bfc062723c751e8b465ee728b)
Start importing Assets/Assets_Aventura_no_cerradinho/png/Object using Guid(c4273cc137d6bc841bf3ce8d889b7a80) Importer(815301076,1909f56bfc062723c751e8b465ee728b)  -> (artifact id: '33835e07e863113f422f2211ee6df7d6') in 0.024434 seconds 
========================================================================
Received Import Request.
  Time since last request: 0.000461 seconds.
  path: Assets/Assets_Aventura_no_cerradinho/png/Object/Stone.png
  artifactKey: Guid(1322cc3140f24fa4890008d6db40ea6f) Importer(815301076,1909f56bfc062723c751e8b465ee728b)
Start importing Assets/Assets_Aventura_no_cerradinho/png/Object/Stone.png using Guid(1322cc3140f24fa4890008d6db40ea6f) Importer(815301076,1909f56bfc062723c751e8b465ee728b)  -> (artifact id: '567d260088c695177bc4b6928f6859ef') in 0.035895 seconds 
========================================================================
Received Import Request.
  Time since last request: 0.000474 seconds.
  path: Assets/Assets_Aventura_no_cerradinho/png/Object/Mushroom_2.png
  artifactKey: Guid(4b1c6b1d0f8ad5542aff8dad044d197f) Importer(815301076,1909f56bfc062723c751e8b465ee728b)
Start importing Assets/Assets_Aventura_no_cerradinho/png/Object/Mushroom_2.png using Guid(4b1c6b1d0f8ad5542aff8dad044d197f) Importer(815301076,1909f56bfc062723c751e8b465ee728b)  -> (artifact id: '29ec7e7f265d76109e72d55933dfe3ec') in 0.036764 seconds 
========================================================================
Received Import Request.
  Time since last request: 0.000496 seconds.
  path: Assets/Assets_Aventura_no_cerradinho/png/Object/Sign_1.png
  artifactKey: Guid(a871fdf3a7795fa49afb8aa11d1ec742) Importer(815301076,1909f56bfc062723c751e8b465ee728b)
Start importing Assets/Assets_Aventura_no_cerradinho/png/Object/Sign_1.png using Guid(a871fdf3a7795fa49afb8aa11d1ec742) Importer(815301076,1909f56bfc062723c751e8b465ee728b)  -> (artifact id: '7441402a4e911816328c35d865a1cad5') in 0.033959 seconds 
========================================================================
Received Import Request.
  Time since last request: 0.000452 seconds.
  path: Assets/Assets_Aventura_no_cerradinho/png/Object/Tree_1.png
  artifactKey: Guid(bd26b66f4f95cec42aee1d4483f12b52) Importer(815301076,1909f56bfc062723c751e8b465ee728b)
Start importing Assets/Assets_Aventura_no_cerradinho/png/Object/Tree_1.png using Guid(bd26b66f4f95cec42aee1d4483f12b52) Importer(815301076,1909f56bfc062723c751e8b465ee728b)  -> (artifact id: '05733531ede93e48b0009a14cb063a45') in 0.036417 seconds 
========================================================================
Received Import Request.
  Time since last request: 0.000560 seconds.
  path: Assets/Assets_Aventura_no_cerradinho/png/Object/Bush (3).png
  artifactKey: Guid(97f8b0b9ad62cf54ab5cfe6e6db682da) Importer(815301076,1909f56bfc062723c751e8b465ee728b)
Start importing Assets/Assets_Aventura_no_cerradinho/png/Object/Bush (3).png using Guid(97f8b0b9ad62cf54ab5cfe6e6db682da) Importer(815301076,1909f56bfc062723c751e8b465ee728b)  -> (artifact id: '34b49bbf403d80414654ae4934e43ef5') in 0.038871 seconds 
========================================================================
Received Import Request.
  Time since last request: 0.000393 seconds.
  path: Assets/Assets_Aventura_no_cerradinho/png/Object/Bush (2).png
  artifactKey: Guid(d97929f8e04b8d940a13cbe8f0e85e44) Importer(815301076,1909f56bfc062723c751e8b465ee728b)
Start importing Assets/Assets_Aventura_no_cerradinho/png/Object/Bush (2).png using Guid(d97929f8e04b8d940a13cbe8f0e85e44) Importer(815301076,1909f56bfc062723c751e8b465ee728b)  -> (artifact id: '6ea709056585219a74fdd40fa3fccd38') in 0.034910 seconds 
========================================================================
Received Import Request.
  Time since last request: 0.000378 seconds.
  path: Assets/Assets_Aventura_no_cerradinho/png/Object/Tree_2.png
  artifactKey: Guid(82cf3a4ffb05c924f8dca3be87f6f284) Importer(815301076,1909f56bfc062723c751e8b465ee728b)
Start importing Assets/Assets_Aventura_no_cerradinho/png/Object/Tree_2.png using Guid(82cf3a4ffb05c924f8dca3be87f6f284) Importer(815301076,1909f56bfc062723c751e8b465ee728b)  -> (artifact id: '7522b15d1d57a6e28b42f7ba720e8aa5') in 0.038400 seconds 
========================================================================
Received Import Request.
  Time since last request: 0.000445 seconds.
  path: Assets/Assets_Aventura_no_cerradinho/png/Object/Tree_3.png
  artifactKey: Guid(b1b13b52be189614a814326f22b96818) Importer(815301076,1909f56bfc062723c751e8b465ee728b)
Start importing Assets/Assets_Aventura_no_cerradinho/png/Object/Tree_3.png using Guid(b1b13b52be189614a814326f22b96818) Importer(815301076,1909f56bfc062723c751e8b465ee728b)  -> (artifact id: '03e36a6fc973566ce1b5877701e0dcba') in 0.041465 seconds 
========================================================================
Received Import Request.
  Time since last request: 0.000508 seconds.
  path: Assets/Assets_Aventura_no_cerradinho/png/Object/Bush (4).png
  artifactKey: Guid(cc6f91720241bcc48b13521d20339871) Importer(815301076,1909f56bfc062723c751e8b465ee728b)
Start importing Assets/Assets_Aventura_no_cerradinho/png/Object/Bush (4).png using Guid(cc6f91720241bcc48b13521d20339871) Importer(815301076,1909f56bfc062723c751e8b465ee728b)  -> (artifact id: '009b2716ee437d0878daef2044283b70') in 0.033619 seconds 
========================================================================
Received Import Request.
  Time since last request: 0.000412 seconds.
  path: Assets/Assets_Aventura_no_cerradinho/png/Object/Sign_2.png
  artifactKey: Guid(24db5bd98e067f9439a3dae58f8a640b) Importer(815301076,1909f56bfc062723c751e8b465ee728b)
Start importing Assets/Assets_Aventura_no_cerradinho/png/Object/Sign_2.png using Guid(24db5bd98e067f9439a3dae58f8a640b) Importer(815301076,1909f56bfc062723c751e8b465ee728b)  -> (artifact id: '32587d6ed342d69a15f7cc745ecdc2b8') in 0.030624 seconds 
========================================================================
Received Import Request.
  Time since last request: 0.000517 seconds.
  path: Assets/Assets_Aventura_no_cerradinho/png/Object/Bush (1).png
  artifactKey: Guid(765e0728b4b7fdc49b434403402f0023) Importer(815301076,1909f56bfc062723c751e8b465ee728b)
Start importing Assets/Assets_Aventura_no_cerradinho/png/Object/Bush (1).png using Guid(765e0728b4b7fdc49b434403402f0023) Importer(815301076,1909f56bfc062723c751e8b465ee728b)  -> (artifact id: '9906cd6333efc2e4276a707f7dba98c5') in 0.033975 seconds 
========================================================================
Received Import Request.
  Time since last request: 0.000504 seconds.
  path: Assets/Assets_Aventura_no_cerradinho/png/Object/Mushroom_1.png
  artifactKey: Guid(32ef9b7efa65dcd4b8b35ef25ed93f3a) Importer(815301076,1909f56bfc062723c751e8b465ee728b)
Start importing Assets/Assets_Aventura_no_cerradinho/png/Object/Mushroom_1.png using Guid(32ef9b7efa65dcd4b8b35ef25ed93f3a) Importer(815301076,1909f56bfc062723c751e8b465ee728b)  -> (artifact id: '9ff76cfcdad853018d784188de01f7e2') in 0.036608 seconds 
========================================================================
Received Import Request.
  Time since last request: 0.000550 seconds.
  path: Assets/Assets_Aventura_no_cerradinho/png/Object/Crate.png
  artifactKey: Guid(424038e401c8e394fa8213d5143d2299) Importer(815301076,1909f56bfc062723c751e8b465ee728b)
Start importing Assets/Assets_Aventura_no_cerradinho/png/Object/Crate.png using Guid(424038e401c8e394fa8213d5143d2299) Importer(815301076,1909f56bfc062723c751e8b465ee728b)  -> (artifact id: '3061c21fcacf80547077c9ee59e65699') in 0.035670 seconds 
========================================================================
Received Import Request.
  Time since last request: 8.345412 seconds.
  path: Assets/Assets_Aventura_no_cerradinho/png/Tiles
  artifactKey: Guid(dd4b9f2dc5cb02c4e9c69f66bee2f59a) Importer(815301076,1909f56bfc062723c751e8b465ee728b)
Start importing Assets/Assets_Aventura_no_cerradinho/png/Tiles using Guid(dd4b9f2dc5cb02c4e9c69f66bee2f59a) Importer(815301076,1909f56bfc062723c751e8b465ee728b)  -> (artifact id: '071da564a0d4f757cbdd48e4e472dc66') in 0.022882 seconds 
========================================================================
Received Import Request.
  Time since last request: 0.000454 seconds.
  path: Assets/Assets_Aventura_no_cerradinho/png/Tiles/17.png
  artifactKey: Guid(ade81dee3393884479f11bc8e40e4df2) Importer(815301076,1909f56bfc062723c751e8b465ee728b)
Start importing Assets/Assets_Aventura_no_cerradinho/png/Tiles/17.png using Guid(ade81dee3393884479f11bc8e40e4df2) Importer(815301076,1909f56bfc062723c751e8b465ee728b)  -> (artifact id: '148da9099ad42ad239c86d03e38e953c') in 0.026392 seconds 
========================================================================
Received Import Request.
  Time since last request: 0.000475 seconds.
  path: Assets/Assets_Aventura_no_cerradinho/png/Tiles/5.png
  artifactKey: Guid(d508a781f1372d94fbbb52c93708bb30) Importer(815301076,1909f56bfc062723c751e8b465ee728b)
Start importing Assets/Assets_Aventura_no_cerradinho/png/Tiles/5.png using Guid(d508a781f1372d94fbbb52c93708bb30) Importer(815301076,1909f56bfc062723c751e8b465ee728b)  -> (artifact id: '2454a3908acba06f2bf0052e13a45111') in 0.038375 seconds 
========================================================================
Received Import Request.
  Time since last request: 0.000438 seconds.
  path: Assets/Assets_Aventura_no_cerradinho/png/Tiles/8.png
  artifactKey: Guid(436a511bb4ee56d4498433c0fa037eef) Importer(815301076,1909f56bfc062723c751e8b465ee728b)
Start importing Assets/Assets_Aventura_no_cerradinho/png/Tiles/8.png using Guid(436a511bb4ee56d4498433c0fa037eef) Importer(815301076,1909f56bfc062723c751e8b465ee728b)  -> (artifact id: '044472474d9ca79ae58c7c8d05983b32') in 0.037763 seconds 
========================================================================
Received Import Request.
  Time since last request: 0.000521 seconds.
  path: Assets/Assets_Aventura_no_cerradinho/png/Tiles/18.png
  artifactKey: Guid(f6cfa9e7406c3b94cab31ab114444536) Importer(815301076,1909f56bfc062723c751e8b465ee728b)
Start importing Assets/Assets_Aventura_no_cerradinho/png/Tiles/18.png using Guid(f6cfa9e7406c3b94cab31ab114444536) Importer(815301076,1909f56bfc062723c751e8b465ee728b)  -> (artifact id: '6769cf81a0c7c4692a5026670415632f') in 0.036745 seconds 
========================================================================
Received Import Request.
  Time since last request: 0.000449 seconds.
  path: Assets/Assets_Aventura_no_cerradinho/png/Tiles/2.png
  artifactKey: Guid(6a7cb6b90bbdb70418e45f6d3a63e6db) Importer(815301076,1909f56bfc062723c751e8b465ee728b)
Start importing Assets/Assets_Aventura_no_cerradinho/png/Tiles/2.png using Guid(6a7cb6b90bbdb70418e45f6d3a63e6db) Importer(815301076,1909f56bfc062723c751e8b465ee728b)  -> (artifact id: '64d94e03749143948f7db4fc4b81f0e0') in 0.036330 seconds 
========================================================================
Received Import Request.
  Time since last request: 0.000481 seconds.
  path: Assets/Assets_Aventura_no_cerradinho/png/Tiles/14.png
  artifactKey: Guid(ab1ee85ef2f35ed4caadb015d9df5061) Importer(815301076,1909f56bfc062723c751e8b465ee728b)
Start importing Assets/Assets_Aventura_no_cerradinho/png/Tiles/14.png using Guid(ab1ee85ef2f35ed4caadb015d9df5061) Importer(815301076,1909f56bfc062723c751e8b465ee728b)  -> (artifact id: 'd3eb09bfa48a8fa5746beb91c4ff7f88') in 0.033308 seconds 
========================================================================
Received Import Request.
  Time since last request: 0.000494 seconds.
  path: Assets/Assets_Aventura_no_cerradinho/png/Tiles/7.png
  artifactKey: Guid(9be32f6b8fee4254586dc742efa922b7) Importer(815301076,1909f56bfc062723c751e8b465ee728b)
Start importing Assets/Assets_Aventura_no_cerradinho/png/Tiles/7.png using Guid(9be32f6b8fee4254586dc742efa922b7) Importer(815301076,1909f56bfc062723c751e8b465ee728b)  -> (artifact id: '691bc04aa78535e10040b442fe64ffd8') in 0.037412 seconds 
========================================================================
Received Import Request.
  Time since last request: 0.000395 seconds.
  path: Assets/Assets_Aventura_no_cerradinho/png/Tiles/1.png
  artifactKey: Guid(903d8fa10daa7d24d9fe3cf22de97be7) Importer(815301076,1909f56bfc062723c751e8b465ee728b)
Start importing Assets/Assets_Aventura_no_cerradinho/png/Tiles/1.png using Guid(903d8fa10daa7d24d9fe3cf22de97be7) Importer(815301076,1909f56bfc062723c751e8b465ee728b)  -> (artifact id: '334b53b73a3bd0f0066cd38b94ae1cfa') in 0.059032 seconds 
========================================================================
Received Import Request.
  Time since last request: 0.000544 seconds.
  path: Assets/Assets_Aventura_no_cerradinho/png/Tiles/13.png
  artifactKey: Guid(e950fb5d02a7bb448bc810e3b4053c94) Importer(815301076,1909f56bfc062723c751e8b465ee728b)
Start importing Assets/Assets_Aventura_no_cerradinho/png/Tiles/13.png using Guid(e950fb5d02a7bb448bc810e3b4053c94) Importer(815301076,1909f56bfc062723c751e8b465ee728b)  -> (artifact id: '23bb15192154b7110b5cdfa624be3936') in 0.034901 seconds 
========================================================================
Received Import Request.
  Time since last request: 0.000531 seconds.
  path: Assets/Assets_Aventura_no_cerradinho/png/Tiles/10.png
  artifactKey: Guid(e57a766ba9162db45a990b121d16c4ab) Importer(815301076,1909f56bfc062723c751e8b465ee728b)
Start importing Assets/Assets_Aventura_no_cerradinho/png/Tiles/10.png using Guid(e57a766ba9162db45a990b121d16c4ab) Importer(815301076,1909f56bfc062723c751e8b465ee728b)  -> (artifact id: '90b6b4dffe65d1980cb8b81e43b44638') in 0.031990 seconds 
========================================================================
Received Import Request.
  Time since last request: 0.000477 seconds.
  path: Assets/Assets_Aventura_no_cerradinho/png/Tiles/3.png
  artifactKey: Guid(aa24615c97ecb7c4b92d502c8097534f) Importer(815301076,1909f56bfc062723c751e8b465ee728b)
Start importing Assets/Assets_Aventura_no_cerradinho/png/Tiles/3.png using Guid(aa24615c97ecb7c4b92d502c8097534f) Importer(815301076,1909f56bfc062723c751e8b465ee728b)  -> (artifact id: 'd51229adee9339a7722f436fed5c79c4') in 0.033854 seconds 
========================================================================
Received Import Request.
  Time since last request: 0.000433 seconds.
  path: Assets/Assets_Aventura_no_cerradinho/png/Tiles/6.png
  artifactKey: Guid(60155e76fdb24834196b67010302403b) Importer(815301076,1909f56bfc062723c751e8b465ee728b)
Start importing Assets/Assets_Aventura_no_cerradinho/png/Tiles/6.png using Guid(60155e76fdb24834196b67010302403b) Importer(815301076,1909f56bfc062723c751e8b465ee728b)  -> (artifact id: 'f71b4587058ba3527083846dd67ce111') in 0.032537 seconds 
========================================================================
Received Import Request.
  Time since last request: 0.000470 seconds.
  path: Assets/Assets_Aventura_no_cerradinho/png/Tiles/9.png
  artifactKey: Guid(28e1ebb924198d6479e4f8d0741d0038) Importer(815301076,1909f56bfc062723c751e8b465ee728b)
Start importing Assets/Assets_Aventura_no_cerradinho/png/Tiles/9.png using Guid(28e1ebb924198d6479e4f8d0741d0038) Importer(815301076,1909f56bfc062723c751e8b465ee728b)  -> (artifact id: 'b8cdbe8bba1e30cd58e514ecb13477be') in 0.033703 seconds 
========================================================================
Received Import Request.
  Time since last request: 0.000447 seconds.
  path: Assets/Assets_Aventura_no_cerradinho/png/Tiles/15.png
  artifactKey: Guid(2e7cdb4d6020b9b45a5f9ea18282d157) Importer(815301076,1909f56bfc062723c751e8b465ee728b)
Start importing Assets/Assets_Aventura_no_cerradinho/png/Tiles/15.png using Guid(2e7cdb4d6020b9b45a5f9ea18282d157) Importer(815301076,1909f56bfc062723c751e8b465ee728b)  -> (artifact id: '8e605038e76a34054dc38e2a7d1ac670') in 0.033237 seconds 
========================================================================
Received Import Request.
  Time since last request: 0.000473 seconds.
  path: Assets/Assets_Aventura_no_cerradinho/png/Tiles/11.png
  artifactKey: Guid(0f1140e4993c2854a98d3b58a0664dc9) Importer(815301076,1909f56bfc062723c751e8b465ee728b)
Start importing Assets/Assets_Aventura_no_cerradinho/png/Tiles/11.png using Guid(0f1140e4993c2854a98d3b58a0664dc9) Importer(815301076,1909f56bfc062723c751e8b465ee728b)  -> (artifact id: 'a45b35727310c96e34e439cbd252b5b1') in 0.037063 seconds 
========================================================================
Received Import Request.
  Time since last request: 0.000492 seconds.
  path: Assets/Assets_Aventura_no_cerradinho/png/Tiles/4.png
  artifactKey: Guid(18920d7992fdd3a49ac792630cc19573) Importer(815301076,1909f56bfc062723c751e8b465ee728b)
Start importing Assets/Assets_Aventura_no_cerradinho/png/Tiles/4.png using Guid(18920d7992fdd3a49ac792630cc19573) Importer(815301076,1909f56bfc062723c751e8b465ee728b)  -> (artifact id: 'b6edff698e0f11ebc06b00ddd53257ab') in 0.038981 seconds 
========================================================================
Received Import Request.
  Time since last request: 0.000395 seconds.
  path: Assets/Assets_Aventura_no_cerradinho/png/Tiles/12.png
  artifactKey: Guid(b558777f00506d94ca634452330175ce) Importer(815301076,1909f56bfc062723c751e8b465ee728b)
Start importing Assets/Assets_Aventura_no_cerradinho/png/Tiles/12.png using Guid(b558777f00506d94ca634452330175ce) Importer(815301076,1909f56bfc062723c751e8b465ee728b)  -> (artifact id: 'e9580d2e00c304b3c73735c9d71c73dd') in 0.036041 seconds 
========================================================================
Received Import Request.
  Time since last request: 0.000365 seconds.
  path: Assets/Assets_Aventura_no_cerradinho/png/Tiles/16.png
  artifactKey: Guid(eb17a96700502854aab0a1666c09c22b) Importer(815301076,1909f56bfc062723c751e8b465ee728b)
Start importing Assets/Assets_Aventura_no_cerradinho/png/Tiles/16.png using Guid(eb17a96700502854aab0a1666c09c22b) Importer(815301076,1909f56bfc062723c751e8b465ee728b)  -> (artifact id: '335fcf6a592e2d81cbe997bdb484a9c5') in 0.042837 seconds 
========================================================================
Received Import Request.
  Time since last request: 84.107151 seconds.
  path: Assets/Assets_Aventura_no_cerradinho/Lago/Tiles/Materials
  artifactKey: Guid(d2ffcf653b08a4442836feada6e464b9) Importer(815301076,1909f56bfc062723c751e8b465ee728b)
Start importing Assets/Assets_Aventura_no_cerradinho/Lago/Tiles/Materials using Guid(d2ffcf653b08a4442836feada6e464b9) Importer(815301076,1909f56bfc062723c751e8b465ee728b)  -> (artifact id: '75f709fab0dc1cb9287e63cd8fb5d791') in 0.025774 seconds 
========================================================================
Received Import Request.
  Time since last request: 0.000538 seconds.
  path: Assets/Assets_Aventura_no_cerradinho/Lago/Tiles/Materials/17.mat
  artifactKey: Guid(d0f38a638edc8f549a8ca8e86b81e48f) Importer(815301076,1909f56bfc062723c751e8b465ee728b)
Start importing Assets/Assets_Aventura_no_cerradinho/Lago/Tiles/Materials/17.mat using Guid(d0f38a638edc8f549a8ca8e86b81e48f) Importer(815301076,1909f56bfc062723c751e8b465ee728b)  -> (artifact id: 'cd0588b81e1f88a3d2cac60445e411ba') in 0.083902 seconds 
========================================================================
Received Prepare
Registering precompiled user dll's ...
Registered in 0.008001 seconds.
Begin MonoManager ReloadAssembly
Native extension for WindowsStandalone target not found
Refreshing native plugins compatible for Editor in 1.24 ms, found 3 plugins.
Preloading 0 native plugins for Editor in 0.00 ms.
Mono: successfully reloaded assembly
- Completed reload, in 27.136 seconds
Domain Reload Profiling:
	ReloadAssembly (27139ms)
		BeginReloadAssembly (11835ms)
			ExecutionOrderSort (0ms)
			DisableScriptedObjects (26ms)
			BackupInstance (0ms)
			ReleaseScriptingObjects (0ms)
			CreateAndSetChildDomain (193ms)
		EndReloadAssembly (15162ms)
			LoadAssemblies (24301ms)
			RebuildTransferFunctionScriptingTraits (0ms)
			SetupTypeCache (906ms)
			ReleaseScriptCaches (2ms)
			RebuildScriptCaches (171ms)
			SetupLoadedEditorAssemblies (871ms)
				LogAssemblyErrors (0ms)
				InitializePlatformSupportModulesInManaged (10ms)
				SetLoadedEditorAssemblies (2ms)
				RefreshPlugins (1ms)
				BeforeProcessingInitializeOnLoad (161ms)
				ProcessInitializeOnLoadAttributes (623ms)
				ProcessInitializeOnLoadMethodAttributes (55ms)
				AfterProcessingInitializeOnLoad (17ms)
				EditorAssembliesLoaded (2ms)
			ExecutionOrderSort2 (0ms)
			AwakeInstancesAfterBackupRestoration (15ms)
Platform modules already initialized, skipping
Refreshing native plugins compatible for Editor in 1.06 ms, found 3 plugins.
Preloading 0 native plugins for Editor in 0.00 ms.
Unloading 2378 Unused Serialized files (Serialized files now loaded: 0)
System memory in use before: 106.1 MB.
System memory in use after: 106.2 MB.

Unloading 21 unused Assets to reduce memory usage. Loaded Objects now: 2904.
Total: 9.458400 ms (FindLiveObjects: 0.411000 ms CreateObjectMapping: 0.254400 ms MarkObjects: 8.513700 ms  DeleteObjects: 0.276300 ms)

AssetImportParameters requested are different than current active one (requested -> active):
  custom:framework-win-MediaFoundation: 216162199b28c13a410421893ffa2e32 -> 
  custom:video-decoder-ogg-theora: a1e56fd34408186e4bbccfd4996cb3dc -> 
  custom:container-muxer-webm: aa71ff27fc2769a1b78a27578f13a17b -> 
  custom:container-demuxer-webm: 4f35f7cbe854078d1ac9338744f61a02 -> 
  custom:container-demuxer-ogg: 62fdf1f143b41e24485cea50d1cbac27 -> 
  custom:video-encoder-webm-vp8: eb34c28f22e8b96e1ab97ce403110664 -> 
  custom:video-codec-MediaFoundation-h265: 746d11721c4dcdbdad8f713fa42b33f4 -> 
  custom:video-decoder-webm-vp8: 9c59270c3fd7afecdb556c50c9e8de78 -> 
  custom:audio-decoder-ogg-vorbis: bf7c407c2cedff20999df2af8eb42d56 -> 
  custom:audio-encoder-webm-vorbis: bf7c407c2cedff20999df2af8eb42d56 -> 
========================================================================
Received Import Request.
  Time since last request: 1679.793290 seconds.
  path: Assets/Script/Madeira.cs
  artifactKey: Guid(c69e41a029102b5478e95dce0ddc9e19) Importer(815301076,1909f56bfc062723c751e8b465ee728b)
Start importing Assets/Script/Madeira.cs using Guid(c69e41a029102b5478e95dce0ddc9e19) Importer(815301076,1909f56bfc062723c751e8b465ee728b)  -> (artifact id: '7a278fc258967060db0708e6412ad4d8') in 0.069785 seconds 
========================================================================
Received Prepare
Registering precompiled user dll's ...
Registered in 0.009613 seconds.
Begin MonoManager ReloadAssembly
Native extension for WindowsStandalone target not found
Refreshing native plugins compatible for Editor in 1.00 ms, found 3 plugins.
Preloading 0 native plugins for Editor in 0.00 ms.
Mono: successfully reloaded assembly
- Completed reload, in  2.767 seconds
Domain Reload Profiling:
	ReloadAssembly (2768ms)
		BeginReloadAssembly (498ms)
			ExecutionOrderSort (0ms)
			DisableScriptedObjects (15ms)
			BackupInstance (0ms)
			ReleaseScriptingObjects (0ms)
			CreateAndSetChildDomain (180ms)
		EndReloadAssembly (2132ms)
			LoadAssemblies (358ms)
			RebuildTransferFunctionScriptingTraits (0ms)
			SetupTypeCache (740ms)
			ReleaseScriptCaches (2ms)
			RebuildScriptCaches (110ms)
			SetupLoadedEditorAssemblies (833ms)
				LogAssemblyErrors (0ms)
				InitializePlatformSupportModulesInManaged (14ms)
				SetLoadedEditorAssemblies (2ms)
				RefreshPlugins (1ms)
				BeforeProcessingInitializeOnLoad (213ms)
				ProcessInitializeOnLoadAttributes (546ms)
				ProcessInitializeOnLoadMethodAttributes (44ms)
				AfterProcessingInitializeOnLoad (12ms)
				EditorAssembliesLoaded (0ms)
			ExecutionOrderSort2 (0ms)
			AwakeInstancesAfterBackupRestoration (11ms)
Platform modules already initialized, skipping
Refreshing native plugins compatible for Editor in 0.90 ms, found 3 plugins.
Preloading 0 native plugins for Editor in 0.00 ms.
Unloading 2378 Unused Serialized files (Serialized files now loaded: 0)
System memory in use before: 106.2 MB.
System memory in use after: 106.3 MB.

Unloading 21 unused Assets to reduce memory usage. Loaded Objects now: 2907.
Total: 6.256600 ms (FindLiveObjects: 0.451800 ms CreateObjectMapping: 0.292300 ms MarkObjects: 5.289700 ms  DeleteObjects: 0.220500 ms)

AssetImportParameters requested are different than current active one (requested -> active):
  custom:framework-win-MediaFoundation: 216162199b28c13a410421893ffa2e32 -> 
  custom:video-decoder-ogg-theora: a1e56fd34408186e4bbccfd4996cb3dc -> 
  custom:container-muxer-webm: aa71ff27fc2769a1b78a27578f13a17b -> 
  custom:container-demuxer-webm: 4f35f7cbe854078d1ac9338744f61a02 -> 
  custom:container-demuxer-ogg: 62fdf1f143b41e24485cea50d1cbac27 -> 
  custom:video-encoder-webm-vp8: eb34c28f22e8b96e1ab97ce403110664 -> 
  custom:video-codec-MediaFoundation-h265: 746d11721c4dcdbdad8f713fa42b33f4 -> 
  custom:video-decoder-webm-vp8: 9c59270c3fd7afecdb556c50c9e8de78 -> 
  custom:audio-decoder-ogg-vorbis: bf7c407c2cedff20999df2af8eb42d56 -> 
  custom:audio-encoder-webm-vorbis: bf7c407c2cedff20999df2af8eb42d56 -> 
========================================================================
Received Import Request.
  Time since last request: 40.921683 seconds.
  path: Assets/Script/Madeira.cs
  artifactKey: Guid(c69e41a029102b5478e95dce0ddc9e19) Importer(815301076,1909f56bfc062723c751e8b465ee728b)
Start importing Assets/Script/Madeira.cs using Guid(c69e41a029102b5478e95dce0ddc9e19) Importer(815301076,1909f56bfc062723c751e8b465ee728b)  -> (artifact id: 'ec01dbb76b4220eee8d99527a35a0802') in 0.009468 seconds 
========================================================================
Received Prepare
Registering precompiled user dll's ...
Registered in 0.008221 seconds.
Begin MonoManager ReloadAssembly
Native extension for WindowsStandalone target not found
Refreshing native plugins compatible for Editor in 0.87 ms, found 3 plugins.
Preloading 0 native plugins for Editor in 0.00 ms.
Mono: successfully reloaded assembly
- Completed reload, in  2.590 seconds
Domain Reload Profiling:
	ReloadAssembly (2591ms)
		BeginReloadAssembly (238ms)
			ExecutionOrderSort (0ms)
			DisableScriptedObjects (19ms)
			BackupInstance (0ms)
			ReleaseScriptingObjects (0ms)
			CreateAndSetChildDomain (69ms)
		EndReloadAssembly (2201ms)
			LoadAssemblies (207ms)
			RebuildTransferFunctionScriptingTraits (0ms)
			SetupTypeCache (798ms)
			ReleaseScriptCaches (3ms)
			RebuildScriptCaches (122ms)
			SetupLoadedEditorAssemblies (813ms)
				LogAssemblyErrors (0ms)
				InitializePlatformSupportModulesInManaged (10ms)
				SetLoadedEditorAssemblies (1ms)
				RefreshPlugins (1ms)
				BeforeProcessingInitializeOnLoad (155ms)
				ProcessInitializeOnLoadAttributes (587ms)
				ProcessInitializeOnLoadMethodAttributes (48ms)
				AfterProcessingInitializeOnLoad (12ms)
				EditorAssembliesLoaded (0ms)
			ExecutionOrderSort2 (0ms)
			AwakeInstancesAfterBackupRestoration (13ms)
Platform modules already initialized, skipping
Refreshing native plugins compatible for Editor in 0.90 ms, found 3 plugins.
Preloading 0 native plugins for Editor in 0.00 ms.
Unloading 2378 Unused Serialized files (Serialized files now loaded: 0)
System memory in use before: 106.2 MB.
System memory in use after: 106.3 MB.

Unloading 21 unused Assets to reduce memory usage. Loaded Objects now: 2910.
Total: 6.050300 ms (FindLiveObjects: 0.350100 ms CreateObjectMapping: 0.221200 ms MarkObjects: 5.257100 ms  DeleteObjects: 0.219400 ms)

AssetImportParameters requested are different than current active one (requested -> active):
  custom:framework-win-MediaFoundation: 216162199b28c13a410421893ffa2e32 -> 
  custom:video-decoder-ogg-theora: a1e56fd34408186e4bbccfd4996cb3dc -> 
  custom:container-muxer-webm: aa71ff27fc2769a1b78a27578f13a17b -> 
  custom:container-demuxer-webm: 4f35f7cbe854078d1ac9338744f61a02 -> 
  custom:container-demuxer-ogg: 62fdf1f143b41e24485cea50d1cbac27 -> 
  custom:video-encoder-webm-vp8: eb34c28f22e8b96e1ab97ce403110664 -> 
  custom:video-codec-MediaFoundation-h265: 746d11721c4dcdbdad8f713fa42b33f4 -> 
  custom:video-decoder-webm-vp8: 9c59270c3fd7afecdb556c50c9e8de78 -> 
  custom:audio-decoder-ogg-vorbis: bf7c407c2cedff20999df2af8eb42d56 -> 
  custom:audio-encoder-webm-vorbis: bf7c407c2cedff20999df2af8eb42d56 -> 
========================================================================
Received Import Request.
  Time since last request: 98.398801 seconds.
  path: Assets/Script do teste/Cenario.cs
  artifactKey: Guid(38de82bab6cb2ea4db6101c29ffbab99) Importer(815301076,1909f56bfc062723c751e8b465ee728b)
Start importing Assets/Script do teste/Cenario.cs using Guid(38de82bab6cb2ea4db6101c29ffbab99) Importer(815301076,1909f56bfc062723c751e8b465ee728b)  -> (artifact id: '6c540895d81cd3617235341ad0a1f99b') in 0.035863 seconds 
========================================================================
Received Prepare
Registering precompiled user dll's ...
Registered in 0.006337 seconds.
Begin MonoManager ReloadAssembly
Native extension for WindowsStandalone target not found
Refreshing native plugins compatible for Editor in 1.33 ms, found 3 plugins.
Preloading 0 native plugins for Editor in 0.00 ms.
Mono: successfully reloaded assembly
- Completed reload, in  3.226 seconds
Domain Reload Profiling:
	ReloadAssembly (3228ms)
		BeginReloadAssembly (333ms)
			ExecutionOrderSort (0ms)
			DisableScriptedObjects (21ms)
			BackupInstance (0ms)
			ReleaseScriptingObjects (0ms)
			CreateAndSetChildDomain (101ms)
		EndReloadAssembly (2680ms)
			LoadAssemblies (306ms)
			RebuildTransferFunctionScriptingTraits (0ms)
			SetupTypeCache (876ms)
			ReleaseScriptCaches (2ms)
			RebuildScriptCaches (145ms)
			SetupLoadedEditorAssemblies (1069ms)
				LogAssemblyErrors (0ms)
				InitializePlatformSupportModulesInManaged (12ms)
				SetLoadedEditorAssemblies (2ms)
				RefreshPlugins (1ms)
				BeforeProcessingInitializeOnLoad (180ms)
				ProcessInitializeOnLoadAttributes (747ms)
				ProcessInitializeOnLoadMethodAttributes (84ms)
				AfterProcessingInitializeOnLoad (41ms)
				EditorAssembliesLoaded (1ms)
			ExecutionOrderSort2 (0ms)
			AwakeInstancesAfterBackupRestoration (23ms)
Platform modules already initialized, skipping
Refreshing native plugins compatible for Editor in 1.03 ms, found 3 plugins.
Preloading 0 native plugins for Editor in 0.00 ms.
Unloading 2378 Unused Serialized files (Serialized files now loaded: 0)
System memory in use before: 106.2 MB.
System memory in use after: 106.3 MB.

Unloading 21 unused Assets to reduce memory usage. Loaded Objects now: 2913.
Total: 9.138000 ms (FindLiveObjects: 0.372100 ms CreateObjectMapping: 0.380800 ms MarkObjects: 7.945000 ms  DeleteObjects: 0.437800 ms)

AssetImportParameters requested are different than current active one (requested -> active):
  custom:framework-win-MediaFoundation: 216162199b28c13a410421893ffa2e32 -> 
  custom:video-decoder-ogg-theora: a1e56fd34408186e4bbccfd4996cb3dc -> 
  custom:container-muxer-webm: aa71ff27fc2769a1b78a27578f13a17b -> 
  custom:container-demuxer-webm: 4f35f7cbe854078d1ac9338744f61a02 -> 
  custom:container-demuxer-ogg: 62fdf1f143b41e24485cea50d1cbac27 -> 
  custom:video-encoder-webm-vp8: eb34c28f22e8b96e1ab97ce403110664 -> 
  custom:video-codec-MediaFoundation-h265: 746d11721c4dcdbdad8f713fa42b33f4 -> 
  custom:video-decoder-webm-vp8: 9c59270c3fd7afecdb556c50c9e8de78 -> 
  custom:audio-decoder-ogg-vorbis: bf7c407c2cedff20999df2af8eb42d56 -> 
  custom:audio-encoder-webm-vorbis: bf7c407c2cedff20999df2af8eb42d56 -> 
========================================================================
Received Prepare
Registering precompiled user dll's ...
Registered in 0.005918 seconds.
Begin MonoManager ReloadAssembly
Native extension for WindowsStandalone target not found
Refreshing native plugins compatible for Editor in 2.29 ms, found 3 plugins.
Preloading 0 native plugins for Editor in 0.00 ms.
Mono: successfully reloaded assembly
- Completed reload, in  2.438 seconds
Domain Reload Profiling:
	ReloadAssembly (2438ms)
		BeginReloadAssembly (258ms)
			ExecutionOrderSort (0ms)
			DisableScriptedObjects (14ms)
			BackupInstance (0ms)
			ReleaseScriptingObjects (0ms)
			CreateAndSetChildDomain (79ms)
		EndReloadAssembly (2044ms)
			LoadAssemblies (249ms)
			RebuildTransferFunctionScriptingTraits (0ms)
			SetupTypeCache (706ms)
			ReleaseScriptCaches (2ms)
			RebuildScriptCaches (120ms)
			SetupLoadedEditorAssemblies (754ms)
				LogAssemblyErrors (0ms)
				InitializePlatformSupportModulesInManaged (10ms)
				SetLoadedEditorAssemblies (2ms)
				RefreshPlugins (2ms)
				BeforeProcessingInitializeOnLoad (149ms)
				ProcessInitializeOnLoadAttributes (533ms)
				ProcessInitializeOnLoadMethodAttributes (43ms)
				AfterProcessingInitializeOnLoad (16ms)
				EditorAssembliesLoaded (1ms)
			ExecutionOrderSort2 (0ms)
			AwakeInstancesAfterBackupRestoration (12ms)
Platform modules already initialized, skipping
Refreshing native plugins compatible for Editor in 0.96 ms, found 3 plugins.
Preloading 0 native plugins for Editor in 0.00 ms.
Unloading 2378 Unused Serialized files (Serialized files now loaded: 0)
System memory in use before: 106.1 MB.
System memory in use after: 106.2 MB.

Unloading 21 unused Assets to reduce memory usage. Loaded Objects now: 2916.
Total: 9.124900 ms (FindLiveObjects: 0.356500 ms CreateObjectMapping: 0.248900 ms MarkObjects: 8.155400 ms  DeleteObjects: 0.361300 ms)

AssetImportParameters requested are different than current active one (requested -> active):
  custom:framework-win-MediaFoundation: 216162199b28c13a410421893ffa2e32 -> 
  custom:video-decoder-ogg-theora: a1e56fd34408186e4bbccfd4996cb3dc -> 
  custom:container-muxer-webm: aa71ff27fc2769a1b78a27578f13a17b -> 
  custom:container-demuxer-webm: 4f35f7cbe854078d1ac9338744f61a02 -> 
  custom:container-demuxer-ogg: 62fdf1f143b41e24485cea50d1cbac27 -> 
  custom:video-encoder-webm-vp8: eb34c28f22e8b96e1ab97ce403110664 -> 
  custom:video-codec-MediaFoundation-h265: 746d11721c4dcdbdad8f713fa42b33f4 -> 
  custom:video-decoder-webm-vp8: 9c59270c3fd7afecdb556c50c9e8de78 -> 
  custom:audio-decoder-ogg-vorbis: bf7c407c2cedff20999df2af8eb42d56 -> 
  custom:audio-encoder-webm-vorbis: bf7c407c2cedff20999df2af8eb42d56 -> 
========================================================================
Received Prepare
Registering precompiled user dll's ...
Registered in 0.006321 seconds.
Begin MonoManager ReloadAssembly
Native extension for WindowsStandalone target not found
Refreshing native plugins compatible for Editor in 1.58 ms, found 3 plugins.
Preloading 0 native plugins for Editor in 0.00 ms.
Mono: successfully reloaded assembly
- Completed reload, in  3.226 seconds
Domain Reload Profiling:
	ReloadAssembly (3227ms)
		BeginReloadAssembly (324ms)
			ExecutionOrderSort (0ms)
			DisableScriptedObjects (21ms)
			BackupInstance (0ms)
			ReleaseScriptingObjects (0ms)
			CreateAndSetChildDomain (98ms)
		EndReloadAssembly (2708ms)
			LoadAssemblies (329ms)
			RebuildTransferFunctionScriptingTraits (0ms)
			SetupTypeCache (988ms)
			ReleaseScriptCaches (3ms)
			RebuildScriptCaches (158ms)
			SetupLoadedEditorAssemblies (942ms)
				LogAssemblyErrors (0ms)
				InitializePlatformSupportModulesInManaged (14ms)
				SetLoadedEditorAssemblies (2ms)
				RefreshPlugins (2ms)
				BeforeProcessingInitializeOnLoad (195ms)
				ProcessInitializeOnLoadAttributes (635ms)
				ProcessInitializeOnLoadMethodAttributes (70ms)
				AfterProcessingInitializeOnLoad (24ms)
				EditorAssembliesLoaded (0ms)
			ExecutionOrderSort2 (0ms)
			AwakeInstancesAfterBackupRestoration (22ms)
Platform modules already initialized, skipping
Refreshing native plugins compatible for Editor in 1.16 ms, found 3 plugins.
Preloading 0 native plugins for Editor in 0.00 ms.
Unloading 2378 Unused Serialized files (Serialized files now loaded: 0)
System memory in use before: 106.2 MB.
System memory in use after: 106.3 MB.

Unloading 21 unused Assets to reduce memory usage. Loaded Objects now: 2919.
Total: 7.209000 ms (FindLiveObjects: 0.352900 ms CreateObjectMapping: 0.422100 ms MarkObjects: 6.181900 ms  DeleteObjects: 0.249400 ms)

AssetImportParameters requested are different than current active one (requested -> active):
  custom:framework-win-MediaFoundation: 216162199b28c13a410421893ffa2e32 -> 
  custom:video-decoder-ogg-theora: a1e56fd34408186e4bbccfd4996cb3dc -> 
  custom:container-muxer-webm: aa71ff27fc2769a1b78a27578f13a17b -> 
  custom:container-demuxer-webm: 4f35f7cbe854078d1ac9338744f61a02 -> 
  custom:container-demuxer-ogg: 62fdf1f143b41e24485cea50d1cbac27 -> 
  custom:video-encoder-webm-vp8: eb34c28f22e8b96e1ab97ce403110664 -> 
  custom:video-codec-MediaFoundation-h265: 746d11721c4dcdbdad8f713fa42b33f4 -> 
  custom:video-decoder-webm-vp8: 9c59270c3fd7afecdb556c50c9e8de78 -> 
  custom:audio-decoder-ogg-vorbis: bf7c407c2cedff20999df2af8eb42d56 -> 
  custom:audio-encoder-webm-vorbis: bf7c407c2cedff20999df2af8eb42d56 -> 
========================================================================
Received Prepare
Registering precompiled user dll's ...
Registered in 0.007779 seconds.
Begin MonoManager ReloadAssembly
Native extension for WindowsStandalone target not found
Refreshing native plugins compatible for Editor in 1.54 ms, found 3 plugins.
Preloading 0 native plugins for Editor in 0.00 ms.
Mono: successfully reloaded assembly
- Completed reload, in  3.265 seconds
Domain Reload Profiling:
	ReloadAssembly (3266ms)
		BeginReloadAssembly (256ms)
			ExecutionOrderSort (0ms)
			DisableScriptedObjects (17ms)
			BackupInstance (0ms)
			ReleaseScriptingObjects (0ms)
			CreateAndSetChildDomain (71ms)
		EndReloadAssembly (2837ms)
			LoadAssemblies (232ms)
			RebuildTransferFunctionScriptingTraits (0ms)
			SetupTypeCache (1295ms)
			ReleaseScriptCaches (4ms)
			RebuildScriptCaches (169ms)
			SetupLoadedEditorAssemblies (833ms)
				LogAssemblyErrors (0ms)
				InitializePlatformSupportModulesInManaged (13ms)
				SetLoadedEditorAssemblies (2ms)
				RefreshPlugins (2ms)
				BeforeProcessingInitializeOnLoad (158ms)
				ProcessInitializeOnLoadAttributes (606ms)
				ProcessInitializeOnLoadMethodAttributes (41ms)
				AfterProcessingInitializeOnLoad (12ms)
				EditorAssembliesLoaded (0ms)
			ExecutionOrderSort2 (0ms)
			AwakeInstancesAfterBackupRestoration (11ms)
Platform modules already initialized, skipping
Refreshing native plugins compatible for Editor in 1.63 ms, found 3 plugins.
Preloading 0 native plugins for Editor in 0.00 ms.
Unloading 2378 Unused Serialized files (Serialized files now loaded: 0)
System memory in use before: 106.3 MB.
System memory in use after: 106.3 MB.

Unloading 21 unused Assets to reduce memory usage. Loaded Objects now: 2922.
Total: 7.152200 ms (FindLiveObjects: 0.385900 ms CreateObjectMapping: 0.251000 ms MarkObjects: 6.263900 ms  DeleteObjects: 0.248600 ms)

AssetImportParameters requested are different than current active one (requested -> active):
  custom:framework-win-MediaFoundation: 216162199b28c13a410421893ffa2e32 -> 
  custom:video-decoder-ogg-theora: a1e56fd34408186e4bbccfd4996cb3dc -> 
  custom:container-muxer-webm: aa71ff27fc2769a1b78a27578f13a17b -> 
  custom:container-demuxer-webm: 4f35f7cbe854078d1ac9338744f61a02 -> 
  custom:container-demuxer-ogg: 62fdf1f143b41e24485cea50d1cbac27 -> 
  custom:video-encoder-webm-vp8: eb34c28f22e8b96e1ab97ce403110664 -> 
  custom:video-codec-MediaFoundation-h265: 746d11721c4dcdbdad8f713fa42b33f4 -> 
  custom:video-decoder-webm-vp8: 9c59270c3fd7afecdb556c50c9e8de78 -> 
  custom:audio-decoder-ogg-vorbis: bf7c407c2cedff20999df2af8eb42d56 -> 
  custom:audio-encoder-webm-vorbis: bf7c407c2cedff20999df2af8eb42d56 -> 
========================================================================
Received Prepare
Registering precompiled user dll's ...
Registered in 0.003590 seconds.
Begin MonoManager ReloadAssembly
Native extension for WindowsStandalone target not found
Refreshing native plugins compatible for Editor in 0.75 ms, found 3 plugins.
Preloading 0 native plugins for Editor in 0.00 ms.
Mono: successfully reloaded assembly
- Completed reload, in  2.248 seconds
Domain Reload Profiling:
	ReloadAssembly (2249ms)
		BeginReloadAssembly (180ms)
			ExecutionOrderSort (0ms)
			DisableScriptedObjects (14ms)
			BackupInstance (0ms)
			ReleaseScriptingObjects (0ms)
			CreateAndSetChildDomain (51ms)
		EndReloadAssembly (1970ms)
			LoadAssemblies (153ms)
			RebuildTransferFunctionScriptingTraits (0ms)
			SetupTypeCache (881ms)
			ReleaseScriptCaches (2ms)
			RebuildScriptCaches (114ms)
			SetupLoadedEditorAssemblies (644ms)
				LogAssemblyErrors (0ms)
				InitializePlatformSupportModulesInManaged (8ms)
				SetLoadedEditorAssemblies (1ms)
				RefreshPlugins (1ms)
				BeforeProcessingInitializeOnLoad (129ms)
				ProcessInitializeOnLoadAttributes (454ms)
				ProcessInitializeOnLoadMethodAttributes (41ms)
				AfterProcessingInitializeOnLoad (12ms)
				EditorAssembliesLoaded (0ms)
			ExecutionOrderSort2 (0ms)
			AwakeInstancesAfterBackupRestoration (11ms)
Platform modules already initialized, skipping
Refreshing native plugins compatible for Editor in 0.83 ms, found 3 plugins.
Preloading 0 native plugins for Editor in 0.00 ms.
Unloading 2378 Unused Serialized files (Serialized files now loaded: 0)
System memory in use before: 106.3 MB.
System memory in use after: 106.3 MB.

Unloading 21 unused Assets to reduce memory usage. Loaded Objects now: 2925.
Total: 5.820200 ms (FindLiveObjects: 0.346900 ms CreateObjectMapping: 0.200200 ms MarkObjects: 5.058300 ms  DeleteObjects: 0.212900 ms)

AssetImportParameters requested are different than current active one (requested -> active):
  custom:framework-win-MediaFoundation: 216162199b28c13a410421893ffa2e32 -> 
  custom:video-decoder-ogg-theora: a1e56fd34408186e4bbccfd4996cb3dc -> 
  custom:container-muxer-webm: aa71ff27fc2769a1b78a27578f13a17b -> 
  custom:container-demuxer-webm: 4f35f7cbe854078d1ac9338744f61a02 -> 
  custom:container-demuxer-ogg: 62fdf1f143b41e24485cea50d1cbac27 -> 
  custom:video-encoder-webm-vp8: eb34c28f22e8b96e1ab97ce403110664 -> 
  custom:video-codec-MediaFoundation-h265: 746d11721c4dcdbdad8f713fa42b33f4 -> 
  custom:video-decoder-webm-vp8: 9c59270c3fd7afecdb556c50c9e8de78 -> 
  custom:audio-decoder-ogg-vorbis: bf7c407c2cedff20999df2af8eb42d56 -> 
  custom:audio-encoder-webm-vorbis: bf7c407c2cedff20999df2af8eb42d56 -> 
========================================================================
Received Prepare
Registering precompiled user dll's ...
Registered in 0.005170 seconds.
Begin MonoManager ReloadAssembly
Native extension for WindowsStandalone target not found
Refreshing native plugins compatible for Editor in 0.77 ms, found 3 plugins.
Preloading 0 native plugins for Editor in 0.00 ms.
Mono: successfully reloaded assembly
- Completed reload, in  2.953 seconds
Domain Reload Profiling:
	ReloadAssembly (2955ms)
		BeginReloadAssembly (463ms)
			ExecutionOrderSort (0ms)
			DisableScriptedObjects (32ms)
			BackupInstance (0ms)
			ReleaseScriptingObjects (0ms)
			CreateAndSetChildDomain (150ms)
		EndReloadAssembly (2198ms)
			LoadAssemblies (390ms)
			RebuildTransferFunctionScriptingTraits (0ms)
			SetupTypeCache (823ms)
			ReleaseScriptCaches (2ms)
			RebuildScriptCaches (102ms)
			SetupLoadedEditorAssemblies (772ms)
				LogAssemblyErrors (0ms)
				InitializePlatformSupportModulesInManaged (8ms)
				SetLoadedEditorAssemblies (1ms)
				RefreshPlugins (1ms)
				BeforeProcessingInitializeOnLoad (176ms)
				ProcessInitializeOnLoadAttributes (532ms)
				ProcessInitializeOnLoadMethodAttributes (42ms)
				AfterProcessingInitializeOnLoad (12ms)
				EditorAssembliesLoaded (0ms)
			ExecutionOrderSort2 (0ms)
			AwakeInstancesAfterBackupRestoration (12ms)
Platform modules already initialized, skipping
Refreshing native plugins compatible for Editor in 1.63 ms, found 3 plugins.
Preloading 0 native plugins for Editor in 0.00 ms.
Unloading 2378 Unused Serialized files (Serialized files now loaded: 0)
System memory in use before: 106.3 MB.
System memory in use after: 106.3 MB.

Unloading 21 unused Assets to reduce memory usage. Loaded Objects now: 2928.
Total: 8.681800 ms (FindLiveObjects: 0.638600 ms CreateObjectMapping: 0.465900 ms MarkObjects: 7.291900 ms  DeleteObjects: 0.282600 ms)

AssetImportParameters requested are different than current active one (requested -> active):
  custom:framework-win-MediaFoundation: 216162199b28c13a410421893ffa2e32 -> 
  custom:video-decoder-ogg-theora: a1e56fd34408186e4bbccfd4996cb3dc -> 
  custom:container-muxer-webm: aa71ff27fc2769a1b78a27578f13a17b -> 
  custom:container-demuxer-webm: 4f35f7cbe854078d1ac9338744f61a02 -> 
  custom:container-demuxer-ogg: 62fdf1f143b41e24485cea50d1cbac27 -> 
  custom:video-encoder-webm-vp8: eb34c28f22e8b96e1ab97ce403110664 -> 
  custom:video-codec-MediaFoundation-h265: 746d11721c4dcdbdad8f713fa42b33f4 -> 
  custom:video-decoder-webm-vp8: 9c59270c3fd7afecdb556c50c9e8de78 -> 
  custom:audio-decoder-ogg-vorbis: bf7c407c2cedff20999df2af8eb42d56 -> 
  custom:audio-encoder-webm-vorbis: bf7c407c2cedff20999df2af8eb42d56 -> 
========================================================================
Received Prepare
Registering precompiled user dll's ...
Registered in 0.003984 seconds.
Begin MonoManager ReloadAssembly
Native extension for WindowsStandalone target not found
Refreshing native plugins compatible for Editor in 1.04 ms, found 3 plugins.
Preloading 0 native plugins for Editor in 0.00 ms.
Mono: successfully reloaded assembly
- Completed reload, in  2.786 seconds
Domain Reload Profiling:
	ReloadAssembly (2787ms)
		BeginReloadAssembly (316ms)
			ExecutionOrderSort (0ms)
			DisableScriptedObjects (24ms)
			BackupInstance (0ms)
			ReleaseScriptingObjects (0ms)
			CreateAndSetChildDomain (91ms)
		EndReloadAssembly (2295ms)
			LoadAssemblies (271ms)
			RebuildTransferFunctionScriptingTraits (0ms)
			SetupTypeCache (768ms)
			ReleaseScriptCaches (4ms)
			RebuildScriptCaches (246ms)
			SetupLoadedEditorAssemblies (749ms)
				LogAssemblyErrors (0ms)
				InitializePlatformSupportModulesInManaged (12ms)
				SetLoadedEditorAssemblies (1ms)
				RefreshPlugins (1ms)
				BeforeProcessingInitializeOnLoad (140ms)
				ProcessInitializeOnLoadAttributes (539ms)
				ProcessInitializeOnLoadMethodAttributes (43ms)
				AfterProcessingInitializeOnLoad (12ms)
				EditorAssembliesLoaded (0ms)
			ExecutionOrderSort2 (0ms)
			AwakeInstancesAfterBackupRestoration (10ms)
Platform modules already initialized, skipping
Refreshing native plugins compatible for Editor in 0.84 ms, found 3 plugins.
Preloading 0 native plugins for Editor in 0.00 ms.
Unloading 2378 Unused Serialized files (Serialized files now loaded: 0)
System memory in use before: 106.2 MB.
System memory in use after: 106.2 MB.

Unloading 21 unused Assets to reduce memory usage. Loaded Objects now: 2931.
Total: 6.081800 ms (FindLiveObjects: 0.349400 ms CreateObjectMapping: 0.214800 ms MarkObjects: 5.278300 ms  DeleteObjects: 0.236700 ms)

AssetImportParameters requested are different than current active one (requested -> active):
  custom:framework-win-MediaFoundation: 216162199b28c13a410421893ffa2e32 -> 
  custom:video-decoder-ogg-theora: a1e56fd34408186e4bbccfd4996cb3dc -> 
  custom:container-muxer-webm: aa71ff27fc2769a1b78a27578f13a17b -> 
  custom:container-demuxer-webm: 4f35f7cbe854078d1ac9338744f61a02 -> 
  custom:container-demuxer-ogg: 62fdf1f143b41e24485cea50d1cbac27 -> 
  custom:video-encoder-webm-vp8: eb34c28f22e8b96e1ab97ce403110664 -> 
  custom:video-codec-MediaFoundation-h265: 746d11721c4dcdbdad8f713fa42b33f4 -> 
  custom:video-decoder-webm-vp8: 9c59270c3fd7afecdb556c50c9e8de78 -> 
  custom:audio-decoder-ogg-vorbis: bf7c407c2cedff20999df2af8eb42d56 -> 
  custom:audio-encoder-webm-vorbis: bf7c407c2cedff20999df2af8eb42d56 -> 
========================================================================
Received Prepare
Registering precompiled user dll's ...
Registered in 0.005170 seconds.
Begin MonoManager ReloadAssembly
Native extension for WindowsStandalone target not found
Refreshing native plugins compatible for Editor in 1.07 ms, found 3 plugins.
Preloading 0 native plugins for Editor in 0.00 ms.
Mono: successfully reloaded assembly
- Completed reload, in  2.654 seconds
Domain Reload Profiling:
	ReloadAssembly (2655ms)
		BeginReloadAssembly (270ms)
			ExecutionOrderSort (0ms)
			DisableScriptedObjects (17ms)
			BackupInstance (0ms)
			ReleaseScriptingObjects (0ms)
			CreateAndSetChildDomain (67ms)
		EndReloadAssembly (2259ms)
			LoadAssemblies (265ms)
			RebuildTransferFunctionScriptingTraits (0ms)
			SetupTypeCache (762ms)
			ReleaseScriptCaches (2ms)
			RebuildScriptCaches (109ms)
			SetupLoadedEditorAssemblies (887ms)
				LogAssemblyErrors (0ms)
				InitializePlatformSupportModulesInManaged (14ms)
				SetLoadedEditorAssemblies (1ms)
				RefreshPlugins (1ms)
				BeforeProcessingInitializeOnLoad (175ms)
				ProcessInitializeOnLoadAttributes (647ms)
				ProcessInitializeOnLoadMethodAttributes (38ms)
				AfterProcessingInitializeOnLoad (10ms)
				EditorAssembliesLoaded (0ms)
			ExecutionOrderSort2 (0ms)
			AwakeInstancesAfterBackupRestoration (9ms)
Platform modules already initialized, skipping
Refreshing native plugins compatible for Editor in 1.01 ms, found 3 plugins.
Preloading 0 native plugins for Editor in 0.00 ms.
Unloading 2378 Unused Serialized files (Serialized files now loaded: 0)
System memory in use before: 106.3 MB.
System memory in use after: 106.4 MB.

Unloading 21 unused Assets to reduce memory usage. Loaded Objects now: 2934.
Total: 10.732100 ms (FindLiveObjects: 0.613100 ms CreateObjectMapping: 0.370500 ms MarkObjects: 9.422400 ms  DeleteObjects: 0.323600 ms)

AssetImportParameters requested are different than current active one (requested -> active):
  custom:framework-win-MediaFoundation: 216162199b28c13a410421893ffa2e32 -> 
  custom:video-decoder-ogg-theora: a1e56fd34408186e4bbccfd4996cb3dc -> 
  custom:container-muxer-webm: aa71ff27fc2769a1b78a27578f13a17b -> 
  custom:container-demuxer-webm: 4f35f7cbe854078d1ac9338744f61a02 -> 
  custom:container-demuxer-ogg: 62fdf1f143b41e24485cea50d1cbac27 -> 
  custom:video-encoder-webm-vp8: eb34c28f22e8b96e1ab97ce403110664 -> 
  custom:video-codec-MediaFoundation-h265: 746d11721c4dcdbdad8f713fa42b33f4 -> 
  custom:video-decoder-webm-vp8: 9c59270c3fd7afecdb556c50c9e8de78 -> 
  custom:audio-decoder-ogg-vorbis: bf7c407c2cedff20999df2af8eb42d56 -> 
  custom:audio-encoder-webm-vorbis: bf7c407c2cedff20999df2af8eb42d56 -> 
========================================================================
Received Prepare
Registering precompiled user dll's ...
Registered in 0.005003 seconds.
Begin MonoManager ReloadAssembly
Native extension for WindowsStandalone target not found
Refreshing native plugins compatible for Editor in 0.62 ms, found 3 plugins.
Preloading 0 native plugins for Editor in 0.00 ms.
Mono: successfully reloaded assembly
- Completed reload, in  1.651 seconds
Domain Reload Profiling:
	ReloadAssembly (1652ms)
		BeginReloadAssembly (215ms)
			ExecutionOrderSort (0ms)
			DisableScriptedObjects (17ms)
			BackupInstance (0ms)
			ReleaseScriptingObjects (0ms)
			CreateAndSetChildDomain (65ms)
		EndReloadAssembly (1327ms)
			LoadAssemblies (169ms)
			RebuildTransferFunctionScriptingTraits (0ms)
			SetupTypeCache (593ms)
			ReleaseScriptCaches (2ms)
			RebuildScriptCaches (101ms)
			SetupLoadedEditorAssemblies (363ms)
				LogAssemblyErrors (0ms)
				InitializePlatformSupportModulesInManaged (5ms)
				SetLoadedEditorAssemblies (1ms)
				RefreshPlugins (1ms)
				BeforeProcessingInitializeOnLoad (73ms)
				ProcessInitializeOnLoadAttributes (258ms)
				ProcessInitializeOnLoadMethodAttributes (19ms)
				AfterProcessingInitializeOnLoad (6ms)
				EditorAssembliesLoaded (0ms)
			ExecutionOrderSort2 (0ms)
			AwakeInstancesAfterBackupRestoration (6ms)
Platform modules already initialized, skipping
Refreshing native plugins compatible for Editor in 0.94 ms, found 3 plugins.
Preloading 0 native plugins for Editor in 0.00 ms.
Unloading 2378 Unused Serialized files (Serialized files now loaded: 0)
System memory in use before: 106.3 MB.
System memory in use after: 106.4 MB.

Unloading 21 unused Assets to reduce memory usage. Loaded Objects now: 2937.
Total: 4.341200 ms (FindLiveObjects: 0.257300 ms CreateObjectMapping: 0.136300 ms MarkObjects: 3.773700 ms  DeleteObjects: 0.172300 ms)

AssetImportParameters requested are different than current active one (requested -> active):
  custom:framework-win-MediaFoundation: 216162199b28c13a410421893ffa2e32 -> 
  custom:video-decoder-ogg-theora: a1e56fd34408186e4bbccfd4996cb3dc -> 
  custom:container-muxer-webm: aa71ff27fc2769a1b78a27578f13a17b -> 
  custom:container-demuxer-webm: 4f35f7cbe854078d1ac9338744f61a02 -> 
  custom:container-demuxer-ogg: 62fdf1f143b41e24485cea50d1cbac27 -> 
  custom:video-encoder-webm-vp8: eb34c28f22e8b96e1ab97ce403110664 -> 
  custom:video-codec-MediaFoundation-h265: 746d11721c4dcdbdad8f713fa42b33f4 -> 
  custom:video-decoder-webm-vp8: 9c59270c3fd7afecdb556c50c9e8de78 -> 
  custom:audio-decoder-ogg-vorbis: bf7c407c2cedff20999df2af8eb42d56 -> 
  custom:audio-encoder-webm-vorbis: bf7c407c2cedff20999df2af8eb42d56 -> 
========================================================================
Received Prepare
Registering precompiled user dll's ...
Registered in 0.006522 seconds.
Begin MonoManager ReloadAssembly
Native extension for WindowsStandalone target not found
Refreshing native plugins compatible for Editor in 0.60 ms, found 3 plugins.
Preloading 0 native plugins for Editor in 0.00 ms.
Mono: successfully reloaded assembly
- Completed reload, in  1.539 seconds
Domain Reload Profiling:
	ReloadAssembly (1539ms)
		BeginReloadAssembly (162ms)
			ExecutionOrderSort (0ms)
			DisableScriptedObjects (7ms)
			BackupInstance (0ms)
			ReleaseScriptingObjects (0ms)
			CreateAndSetChildDomain (50ms)
		EndReloadAssembly (1264ms)
			LoadAssemblies (149ms)
			RebuildTransferFunctionScriptingTraits (0ms)
			SetupTypeCache (516ms)
			ReleaseScriptCaches (1ms)
			RebuildScriptCaches (67ms)
			SetupLoadedEditorAssemblies (403ms)
				LogAssemblyErrors (0ms)
				InitializePlatformSupportModulesInManaged (6ms)
				SetLoadedEditorAssemblies (1ms)
				RefreshPlugins (1ms)
				BeforeProcessingInitializeOnLoad (79ms)
				ProcessInitializeOnLoadAttributes (286ms)
				ProcessInitializeOnLoadMethodAttributes (24ms)
				AfterProcessingInitializeOnLoad (7ms)
				EditorAssembliesLoaded (0ms)
			ExecutionOrderSort2 (0ms)
			AwakeInstancesAfterBackupRestoration (7ms)
Platform modules already initialized, skipping
Refreshing native plugins compatible for Editor in 0.57 ms, found 3 plugins.
Preloading 0 native plugins for Editor in 0.00 ms.
Unloading 2378 Unused Serialized files (Serialized files now loaded: 0)
System memory in use before: 106.3 MB.
System memory in use after: 106.4 MB.

Unloading 21 unused Assets to reduce memory usage. Loaded Objects now: 2940.
Total: 3.906200 ms (FindLiveObjects: 0.251100 ms CreateObjectMapping: 0.135400 ms MarkObjects: 3.364900 ms  DeleteObjects: 0.153600 ms)

AssetImportParameters requested are different than current active one (requested -> active):
  custom:framework-win-MediaFoundation: 216162199b28c13a410421893ffa2e32 -> 
  custom:video-decoder-ogg-theora: a1e56fd34408186e4bbccfd4996cb3dc -> 
  custom:container-muxer-webm: aa71ff27fc2769a1b78a27578f13a17b -> 
  custom:container-demuxer-webm: 4f35f7cbe854078d1ac9338744f61a02 -> 
  custom:container-demuxer-ogg: 62fdf1f143b41e24485cea50d1cbac27 -> 
  custom:video-encoder-webm-vp8: eb34c28f22e8b96e1ab97ce403110664 -> 
  custom:video-codec-MediaFoundation-h265: 746d11721c4dcdbdad8f713fa42b33f4 -> 
  custom:video-decoder-webm-vp8: 9c59270c3fd7afecdb556c50c9e8de78 -> 
  custom:audio-decoder-ogg-vorbis: bf7c407c2cedff20999df2af8eb42d56 -> 
  custom:audio-encoder-webm-vorbis: bf7c407c2cedff20999df2af8eb42d56 -> 
========================================================================
Received Prepare
Registering precompiled user dll's ...
Registered in 0.007570 seconds.
Begin MonoManager ReloadAssembly
Native extension for WindowsStandalone target not found
Refreshing native plugins compatible for Editor in 1.05 ms, found 3 plugins.
Preloading 0 native plugins for Editor in 0.00 ms.
Mono: successfully reloaded assembly
- Completed reload, in  3.385 seconds
Domain Reload Profiling:
	ReloadAssembly (3386ms)
		BeginReloadAssembly (336ms)
			ExecutionOrderSort (0ms)
			DisableScriptedObjects (22ms)
			BackupInstance (0ms)
			ReleaseScriptingObjects (0ms)
			CreateAndSetChildDomain (99ms)
		EndReloadAssembly (2826ms)
			LoadAssemblies (312ms)
			RebuildTransferFunctionScriptingTraits (0ms)
			SetupTypeCache (996ms)
			ReleaseScriptCaches (3ms)
			RebuildScriptCaches (157ms)
			SetupLoadedEditorAssemblies (1044ms)
				LogAssemblyErrors (0ms)
				InitializePlatformSupportModulesInManaged (17ms)
				SetLoadedEditorAssemblies (1ms)
				RefreshPlugins (1ms)
				BeforeProcessingInitializeOnLoad (206ms)
				ProcessInitializeOnLoadAttributes (721ms)
				ProcessInitializeOnLoadMethodAttributes (76ms)
				AfterProcessingInitializeOnLoad (21ms)
				EditorAssembliesLoaded (0ms)
			ExecutionOrderSort2 (0ms)
			AwakeInstancesAfterBackupRestoration (16ms)
Platform modules already initialized, skipping
Refreshing native plugins compatible for Editor in 1.37 ms, found 3 plugins.
Preloading 0 native plugins for Editor in 0.00 ms.
Unloading 2378 Unused Serialized files (Serialized files now loaded: 0)
System memory in use before: 106.3 MB.
System memory in use after: 106.4 MB.

Unloading 21 unused Assets to reduce memory usage. Loaded Objects now: 2943.
Total: 8.700000 ms (FindLiveObjects: 0.339600 ms CreateObjectMapping: 0.329200 ms MarkObjects: 7.719200 ms  DeleteObjects: 0.309100 ms)

AssetImportParameters requested are different than current active one (requested -> active):
  custom:framework-win-MediaFoundation: 216162199b28c13a410421893ffa2e32 -> 
  custom:video-decoder-ogg-theora: a1e56fd34408186e4bbccfd4996cb3dc -> 
  custom:container-muxer-webm: aa71ff27fc2769a1b78a27578f13a17b -> 
  custom:container-demuxer-webm: 4f35f7cbe854078d1ac9338744f61a02 -> 
  custom:container-demuxer-ogg: 62fdf1f143b41e24485cea50d1cbac27 -> 
  custom:video-encoder-webm-vp8: eb34c28f22e8b96e1ab97ce403110664 -> 
  custom:video-codec-MediaFoundation-h265: 746d11721c4dcdbdad8f713fa42b33f4 -> 
  custom:video-decoder-webm-vp8: 9c59270c3fd7afecdb556c50c9e8de78 -> 
  custom:audio-decoder-ogg-vorbis: bf7c407c2cedff20999df2af8eb42d56 -> 
  custom:audio-encoder-webm-vorbis: bf7c407c2cedff20999df2af8eb42d56 -> 
AssetImportWorkerClient::OnTransportError - code=2 error=End of file
